[debug] [2025-09-15T21:44:32.876Z] ----------------------------------------------------------------------
[debug] [2025-09-15T21:44:32.878Z] Command:       /usr/local/bin/node /usr/local/bin/firebase init hosting
[debug] [2025-09-15T21:44:32.878Z] CLI Version:   13.8.2
[debug] [2025-09-15T21:44:32.878Z] Platform:      darwin
[debug] [2025-09-15T21:44:32.878Z] Node Version:  v22.1.0
[debug] [2025-09-15T21:44:32.878Z] Time:          Mon Sep 15 2025 17:44:32 GMT-0400 (Eastern Daylight Time)
[debug] [2025-09-15T21:44:32.878Z] ----------------------------------------------------------------------
[debug] 
[debug] [2025-09-15T21:44:32.882Z] > command requires scopes: ["email","openid","https://www.googleapis.com/auth/cloudplatformprojects.readonly","https://www.googleapis.com/auth/firebase","https://www.googleapis.com/auth/cloud-platform"]
[debug] [2025-09-15T21:44:32.882Z] > authorizing via signed-in user (swilt317@gmail.com)
[info] 
     ######## #### ########  ######## ########     ###     ######  ########
     ##        ##  ##     ## ##       ##     ##  ##   ##  ##       ##
     ######    ##  ########  ######   ########  #########  ######  ######
     ##        ##  ##    ##  ##       ##     ## ##     ##       ## ##
     ##       #### ##     ## ######## ########  ##     ##  ######  ########

You're about to initialize a Firebase project in this directory:

  /Users/spencerwilt/Desktop/swiltprofile

[info] 
=== Project Setup
[info] 
[info] First, let's associate this project directory with a Firebase project.
[info] You can create multiple project aliases by running firebase use --add, 
[info] but for now we'll just set up a default project.
[info] 
[debug] [2025-09-15T21:44:42.269Z] > refreshing access token with scopes: []
[debug] [2025-09-15T21:44:42.272Z] >>> [apiv2][query] POST https://www.googleapis.com/oauth2/v3/token [none]
[debug] [2025-09-15T21:44:42.272Z] >>> [apiv2][body] POST https://www.googleapis.com/oauth2/v3/token [omitted]
[debug] [2025-09-15T21:44:42.555Z] <<< [apiv2][status] POST https://www.googleapis.com/oauth2/v3/token 400
[debug] [2025-09-15T21:44:42.555Z] <<< [apiv2][body] POST https://www.googleapis.com/oauth2/v3/token [omitted]
[debug] [2025-09-15T21:44:42.556Z] >>> [apiv2][query] GET https://firebase.googleapis.com/v1beta1/projects pageSize=100
[debug] [2025-09-15T21:44:42.765Z] <<< [apiv2][status] GET https://firebase.googleapis.com/v1beta1/projects 401
[debug] [2025-09-15T21:44:42.765Z] <<< [apiv2][body] GET https://firebase.googleapis.com/v1beta1/projects [omitted]
[debug] [2025-09-15T21:44:42.766Z] HTTP Error: 401, Request had invalid authentication credentials. Expected OAuth 2 access token, login cookie or other valid authentication credential. See https://developers.google.com/identity/sign-in/web/devconsole-project.
[debug] [2025-09-15T21:44:42.880Z] FirebaseError: HTTP Error: 401, Request had invalid authentication credentials. Expected OAuth 2 access token, login cookie or other valid authentication credential. See https://developers.google.com/identity/sign-in/web/devconsole-project.
    at responseToError (/usr/local/lib/node_modules/firebase-tools/lib/responseToError.js:49:12)
    at RetryOperation._fn (/usr/local/lib/node_modules/firebase-tools/lib/apiv2.js:305:77)
    at process.processTicksAndRejections (node:internal/process/task_queues:95:5)
[error] 
[error] Error: Failed to list Firebase projects. See firebase-debug.log for more info.
[debug] [2025-09-15T21:47:30.975Z] ----------------------------------------------------------------------
[debug] [2025-09-15T21:47:30.978Z] Command:       /usr/local/bin/node /usr/local/bin/firebase init
[debug] [2025-09-15T21:47:30.978Z] CLI Version:   13.8.2
[debug] [2025-09-15T21:47:30.978Z] Platform:      darwin
[debug] [2025-09-15T21:47:30.978Z] Node Version:  v22.1.0
[debug] [2025-09-15T21:47:30.979Z] Time:          Mon Sep 15 2025 17:47:30 GMT-0400 (Eastern Daylight Time)
[debug] [2025-09-15T21:47:30.979Z] ----------------------------------------------------------------------
[debug] 
[debug] [2025-09-15T21:47:30.983Z] > command requires scopes: ["email","openid","https://www.googleapis.com/auth/cloudplatformprojects.readonly","https://www.googleapis.com/auth/firebase","https://www.googleapis.com/auth/cloud-platform"]
[debug] [2025-09-15T21:47:30.983Z] > authorizing via signed-in user (swilt317@gmail.com)
[info] 
     ######## #### ########  ######## ########     ###     ######  ########
     ##        ##  ##     ## ##       ##     ##  ##   ##  ##       ##
     ######    ##  ########  ######   ########  #########  ######  ######
     ##        ##  ##    ##  ##       ##     ## ##     ##       ## ##
     ##       #### ##     ## ######## ########  ##     ##  ######  ########

You're about to initialize a Firebase project in this directory:

  /Users/spencerwilt/Desktop/swiltprofile

[info] 
=== Project Setup
[info] 
[info] First, let's associate this project directory with a Firebase project.
[info] You can create multiple project aliases by running firebase use --add, 
[info] but for now we'll just set up a default project.
[info] 
[debug] [2025-09-15T21:47:57.531Z] > refreshing access token with scopes: []
[debug] [2025-09-15T21:47:57.532Z] >>> [apiv2][query] POST https://www.googleapis.com/oauth2/v3/token [none]
[debug] [2025-09-15T21:47:57.532Z] >>> [apiv2][body] POST https://www.googleapis.com/oauth2/v3/token [omitted]
[debug] [2025-09-15T21:47:57.790Z] <<< [apiv2][status] POST https://www.googleapis.com/oauth2/v3/token 400
[debug] [2025-09-15T21:47:57.790Z] <<< [apiv2][body] POST https://www.googleapis.com/oauth2/v3/token [omitted]
[debug] [2025-09-15T21:47:57.791Z] >>> [apiv2][query] GET https://firebase.googleapis.com/v1beta1/availableProjects pageSize=100
[debug] [2025-09-15T21:47:58.103Z] <<< [apiv2][status] GET https://firebase.googleapis.com/v1beta1/availableProjects 401
[debug] [2025-09-15T21:47:58.103Z] <<< [apiv2][body] GET https://firebase.googleapis.com/v1beta1/availableProjects [omitted]
[debug] [2025-09-15T21:47:58.104Z] HTTP Error: 401, Request had invalid authentication credentials. Expected OAuth 2 access token, login cookie or other valid authentication credential. See https://developers.google.com/identity/sign-in/web/devconsole-project.
[debug] [2025-09-15T21:47:58.277Z] FirebaseError: HTTP Error: 401, Request had invalid authentication credentials. Expected OAuth 2 access token, login cookie or other valid authentication credential. See https://developers.google.com/identity/sign-in/web/devconsole-project.
    at responseToError (/usr/local/lib/node_modules/firebase-tools/lib/responseToError.js:49:12)
    at RetryOperation._fn (/usr/local/lib/node_modules/firebase-tools/lib/apiv2.js:305:77)
    at process.processTicksAndRejections (node:internal/process/task_queues:95:5)
[error] 
[error] Error: Failed to list available Google Cloud Platform projects. See firebase-debug.log for more info.
